2018-03-29 00:37:33.178 ERROR Rus-MacBook-Pro-2.local --- [nio-8080-exec-6] e.n.c.m.s.LocalSQLConnectService         : Parameter index out of range (1 > number of parameters, which is 0).
2018-03-29 00:37:33.210 ERROR Rus-MacBook-Pro-2.local --- [nio-8080-exec-6] e.n.c.m.s.LocalSQLConnectService         : Duplicate entry 'tt0372784' for key 'PRIMARY'
2018-03-29 00:37:33.221 ERROR Rus-MacBook-Pro-2.local --- [nio-8080-exec-6] e.n.c.m.s.LocalSQLConnectService         : Parameter index out of range (1 > number of parameters, which is 0).
2018-03-29 00:37:33.246 ERROR Rus-MacBook-Pro-2.local --- [nio-8080-exec-6] e.n.c.m.s.LocalSQLConnectService         : Duplicate entry 'tt2975590' for key 'PRIMARY'
2018-03-29 00:37:33.256 ERROR Rus-MacBook-Pro-2.local --- [nio-8080-exec-6] e.n.c.m.s.LocalSQLConnectService         : Parameter index out of range (1 > number of parameters, which is 0).
2018-03-29 00:37:33.281 ERROR Rus-MacBook-Pro-2.local --- [nio-8080-exec-6] e.n.c.m.s.LocalSQLConnectService         : Duplicate entry 'tt0096895' for key 'PRIMARY'
2018-03-29 00:37:33.292 ERROR Rus-MacBook-Pro-2.local --- [nio-8080-exec-6] e.n.c.m.s.LocalSQLConnectService         : Parameter index out of range (1 > number of parameters, which is 0).
2018-03-29 00:37:33.319 ERROR Rus-MacBook-Pro-2.local --- [nio-8080-exec-6] e.n.c.m.s.LocalSQLConnectService         : Duplicate entry 'tt0103776' for key 'PRIMARY'
2018-03-29 00:37:33.328 ERROR Rus-MacBook-Pro-2.local --- [nio-8080-exec-6] e.n.c.m.s.LocalSQLConnectService         : Parameter index out of range (1 > number of parameters, which is 0).
2018-03-29 00:37:33.354 ERROR Rus-MacBook-Pro-2.local --- [nio-8080-exec-6] e.n.c.m.s.LocalSQLConnectService         : Duplicate entry 'tt0112462' for key 'PRIMARY'
2018-03-29 00:37:38.584 ERROR Rus-MacBook-Pro-2.local --- [nio-8080-exec-3] e.n.c.m.s.LocalSQLConnectService         : Parameter index out of range (1 > number of parameters, which is 0).
2018-03-29 00:37:38.610 ERROR Rus-MacBook-Pro-2.local --- [nio-8080-exec-3] e.n.c.m.s.LocalSQLConnectService         : Duplicate entry 'tt0372784' for key 'PRIMARY'
2018-03-29 00:42:47.864 ERROR Rus-MacBook-Pro-2.local --- [nio-8080-exec-1] e.n.c.m.s.LocalSQLConnectService         : Parameter index out of range (1 > number of parameters, which is 0).
2018-03-29 00:42:47.893 ERROR Rus-MacBook-Pro-2.local --- [nio-8080-exec-1] e.n.c.m.s.LocalSQLConnectService         : Duplicate entry 'tt0372784' for key 'PRIMARY'
2018-03-29 00:42:50.636 ERROR Rus-MacBook-Pro-2.local --- [nio-8080-exec-8] e.n.c.m.s.LocalSQLConnectService         : Parameter index out of range (1 > number of parameters, which is 0).
2018-03-29 00:42:50.662 ERROR Rus-MacBook-Pro-2.local --- [nio-8080-exec-8] e.n.c.m.s.LocalSQLConnectService         : Duplicate entry 'tt0372784' for key 'PRIMARY'
2018-03-29 00:42:50.674 ERROR Rus-MacBook-Pro-2.local --- [nio-8080-exec-8] e.n.c.m.s.LocalSQLConnectService         : Parameter index out of range (1 > number of parameters, which is 0).
2018-03-29 00:42:50.700 ERROR Rus-MacBook-Pro-2.local --- [nio-8080-exec-8] e.n.c.m.s.LocalSQLConnectService         : Duplicate entry 'tt2975590' for key 'PRIMARY'
2018-03-29 00:42:50.709 ERROR Rus-MacBook-Pro-2.local --- [nio-8080-exec-8] e.n.c.m.s.LocalSQLConnectService         : Parameter index out of range (1 > number of parameters, which is 0).
2018-03-29 00:42:50.734 ERROR Rus-MacBook-Pro-2.local --- [nio-8080-exec-8] e.n.c.m.s.LocalSQLConnectService         : Duplicate entry 'tt0096895' for key 'PRIMARY'
2018-03-29 00:42:50.746 ERROR Rus-MacBook-Pro-2.local --- [nio-8080-exec-8] e.n.c.m.s.LocalSQLConnectService         : Parameter index out of range (1 > number of parameters, which is 0).
2018-03-29 00:42:50.772 ERROR Rus-MacBook-Pro-2.local --- [nio-8080-exec-8] e.n.c.m.s.LocalSQLConnectService         : Duplicate entry 'tt0103776' for key 'PRIMARY'
2018-03-29 00:42:50.787 ERROR Rus-MacBook-Pro-2.local --- [nio-8080-exec-8] e.n.c.m.s.LocalSQLConnectService         : Parameter index out of range (1 > number of parameters, which is 0).
2018-03-29 00:42:50.813 ERROR Rus-MacBook-Pro-2.local --- [nio-8080-exec-8] e.n.c.m.s.LocalSQLConnectService         : Duplicate entry 'tt0112462' for key 'PRIMARY'
2018-03-29 00:42:52.964 ERROR Rus-MacBook-Pro-2.local --- [nio-8080-exec-3] e.n.c.m.s.LocalSQLConnectService         : Parameter index out of range (1 > number of parameters, which is 0).
2018-03-29 00:42:52.990 ERROR Rus-MacBook-Pro-2.local --- [nio-8080-exec-3] e.n.c.m.s.LocalSQLConnectService         : Duplicate entry 'tt2975590' for key 'PRIMARY'
2018-03-29 01:02:31.201 ERROR Rus-MacBook-Pro-2.local --- [nio-8080-exec-1] e.n.c.m.s.LocalSQLConnectService         : Parameter index out of range (1 > number of parameters, which is 0).
2018-03-29 01:02:31.206 ERROR Rus-MacBook-Pro-2.local --- [nio-8080-exec-1] e.n.c.m.s.LocalSQLConnectService         : Parameter index out of range (2 > number of parameters, which is 1).
2018-03-29 01:02:37.910 ERROR Rus-MacBook-Pro-2.local --- [nio-8080-exec-8] e.n.c.m.s.LocalSQLConnectService         : Parameter index out of range (1 > number of parameters, which is 0).
2018-03-29 01:02:37.911 ERROR Rus-MacBook-Pro-2.local --- [nio-8080-exec-8] e.n.c.m.s.LocalSQLConnectService         : Parameter index out of range (2 > number of parameters, which is 1).
2018-03-29 01:02:37.924 ERROR Rus-MacBook-Pro-2.local --- [nio-8080-exec-8] e.n.c.m.s.LocalSQLConnectService         : Parameter index out of range (1 > number of parameters, which is 0).
2018-03-29 01:02:37.925 ERROR Rus-MacBook-Pro-2.local --- [nio-8080-exec-8] e.n.c.m.s.LocalSQLConnectService         : Parameter index out of range (2 > number of parameters, which is 1).
2018-03-29 01:02:37.934 ERROR Rus-MacBook-Pro-2.local --- [nio-8080-exec-8] e.n.c.m.s.LocalSQLConnectService         : Parameter index out of range (1 > number of parameters, which is 0).
2018-03-29 01:02:37.934 ERROR Rus-MacBook-Pro-2.local --- [nio-8080-exec-8] e.n.c.m.s.LocalSQLConnectService         : Parameter index out of range (2 > number of parameters, which is 1).
2018-03-29 01:02:37.945 ERROR Rus-MacBook-Pro-2.local --- [nio-8080-exec-8] e.n.c.m.s.LocalSQLConnectService         : Parameter index out of range (1 > number of parameters, which is 0).
2018-03-29 01:02:37.946 ERROR Rus-MacBook-Pro-2.local --- [nio-8080-exec-8] e.n.c.m.s.LocalSQLConnectService         : Parameter index out of range (2 > number of parameters, which is 1).
2018-03-29 01:02:37.955 ERROR Rus-MacBook-Pro-2.local --- [nio-8080-exec-8] e.n.c.m.s.LocalSQLConnectService         : Parameter index out of range (1 > number of parameters, which is 0).
2018-03-29 01:02:37.955 ERROR Rus-MacBook-Pro-2.local --- [nio-8080-exec-8] e.n.c.m.s.LocalSQLConnectService         : Parameter index out of range (2 > number of parameters, which is 1).
2018-03-29 01:02:39.455 ERROR Rus-MacBook-Pro-2.local --- [nio-8080-exec-2] e.n.c.m.s.LocalSQLConnectService         : Parameter index out of range (1 > number of parameters, which is 0).
2018-03-29 01:02:39.456 ERROR Rus-MacBook-Pro-2.local --- [nio-8080-exec-2] e.n.c.m.s.LocalSQLConnectService         : Parameter index out of range (2 > number of parameters, which is 1).
2018-03-29 01:08:41.510 ERROR Rus-MacBook-Pro-2.local --- [nio-8080-exec-1] e.n.c.m.s.LocalSQLConnectService         : Parameter index out of range (1 > number of parameters, which is 0).
2018-03-29 01:08:41.512 ERROR Rus-MacBook-Pro-2.local --- [nio-8080-exec-1] e.n.c.m.s.LocalSQLConnectService         : Parameter index out of range (2 > number of parameters, which is 1).
2018-03-29 01:08:41.521 ERROR Rus-MacBook-Pro-2.local --- [nio-8080-exec-1] e.n.c.m.s.LocalSQLConnectService         : Parameter index out of range (1 > number of parameters, which is 0).
2018-03-29 01:08:41.522 ERROR Rus-MacBook-Pro-2.local --- [nio-8080-exec-1] e.n.c.m.s.LocalSQLConnectService         : Parameter index out of range (2 > number of parameters, which is 1).
2018-03-29 01:08:41.533 ERROR Rus-MacBook-Pro-2.local --- [nio-8080-exec-1] e.n.c.m.s.LocalSQLConnectService         : Parameter index out of range (1 > number of parameters, which is 0).
2018-03-29 01:08:41.534 ERROR Rus-MacBook-Pro-2.local --- [nio-8080-exec-1] e.n.c.m.s.LocalSQLConnectService         : Parameter index out of range (2 > number of parameters, which is 1).
2018-03-29 01:08:41.545 ERROR Rus-MacBook-Pro-2.local --- [nio-8080-exec-1] e.n.c.m.s.LocalSQLConnectService         : Parameter index out of range (1 > number of parameters, which is 0).
2018-03-29 01:08:41.546 ERROR Rus-MacBook-Pro-2.local --- [nio-8080-exec-1] e.n.c.m.s.LocalSQLConnectService         : Parameter index out of range (2 > number of parameters, which is 1).
2018-03-29 01:08:41.554 ERROR Rus-MacBook-Pro-2.local --- [nio-8080-exec-1] e.n.c.m.s.LocalSQLConnectService         : Parameter index out of range (1 > number of parameters, which is 0).
2018-03-29 01:08:41.555 ERROR Rus-MacBook-Pro-2.local --- [nio-8080-exec-1] e.n.c.m.s.LocalSQLConnectService         : Parameter index out of range (2 > number of parameters, which is 1).
2018-03-29 01:08:43.314 ERROR Rus-MacBook-Pro-2.local --- [nio-8080-exec-7] e.n.c.m.s.LocalSQLConnectService         : Parameter index out of range (1 > number of parameters, which is 0).
2018-03-29 01:08:43.315 ERROR Rus-MacBook-Pro-2.local --- [nio-8080-exec-7] e.n.c.m.s.LocalSQLConnectService         : Parameter index out of range (2 > number of parameters, which is 1).
2018-03-29 01:10:24.343 ERROR Rus-MacBook-Pro-2.local --- [nio-8080-exec-1] e.n.c.m.s.LocalSQLConnectService         : Parameter index out of range (1 > number of parameters, which is 0).
2018-03-29 01:10:24.345 ERROR Rus-MacBook-Pro-2.local --- [nio-8080-exec-1] e.n.c.m.s.LocalSQLConnectService         : Parameter index out of range (2 > number of parameters, which is 1).
2018-03-29 01:10:28.038 ERROR Rus-MacBook-Pro-2.local --- [nio-8080-exec-8] e.n.c.m.s.LocalSQLConnectService         : Parameter index out of range (1 > number of parameters, which is 0).
2018-03-29 01:10:28.039 ERROR Rus-MacBook-Pro-2.local --- [nio-8080-exec-8] e.n.c.m.s.LocalSQLConnectService         : Parameter index out of range (2 > number of parameters, which is 1).
2018-03-29 01:10:28.050 ERROR Rus-MacBook-Pro-2.local --- [nio-8080-exec-8] e.n.c.m.s.LocalSQLConnectService         : Parameter index out of range (1 > number of parameters, which is 0).
2018-03-29 01:10:28.050 ERROR Rus-MacBook-Pro-2.local --- [nio-8080-exec-8] e.n.c.m.s.LocalSQLConnectService         : Parameter index out of range (2 > number of parameters, which is 1).
2018-03-29 01:10:28.063 ERROR Rus-MacBook-Pro-2.local --- [nio-8080-exec-8] e.n.c.m.s.LocalSQLConnectService         : Parameter index out of range (1 > number of parameters, which is 0).
2018-03-29 01:10:28.063 ERROR Rus-MacBook-Pro-2.local --- [nio-8080-exec-8] e.n.c.m.s.LocalSQLConnectService         : Parameter index out of range (2 > number of parameters, which is 1).
2018-03-29 01:10:28.073 ERROR Rus-MacBook-Pro-2.local --- [nio-8080-exec-8] e.n.c.m.s.LocalSQLConnectService         : Parameter index out of range (1 > number of parameters, which is 0).
2018-03-29 01:10:28.073 ERROR Rus-MacBook-Pro-2.local --- [nio-8080-exec-8] e.n.c.m.s.LocalSQLConnectService         : Parameter index out of range (2 > number of parameters, which is 1).
2018-03-29 01:10:28.083 ERROR Rus-MacBook-Pro-2.local --- [nio-8080-exec-8] e.n.c.m.s.LocalSQLConnectService         : Parameter index out of range (1 > number of parameters, which is 0).
2018-03-29 01:10:28.083 ERROR Rus-MacBook-Pro-2.local --- [nio-8080-exec-8] e.n.c.m.s.LocalSQLConnectService         : Parameter index out of range (2 > number of parameters, which is 1).
2018-03-29 01:10:29.598 ERROR Rus-MacBook-Pro-2.local --- [nio-8080-exec-4] e.n.c.m.s.LocalSQLConnectService         : Parameter index out of range (1 > number of parameters, which is 0).
2018-03-29 01:10:29.599 ERROR Rus-MacBook-Pro-2.local --- [nio-8080-exec-4] e.n.c.m.s.LocalSQLConnectService         : Parameter index out of range (2 > number of parameters, which is 1).
2018-03-29 01:13:07.834 ERROR Rus-MacBook-Pro-2.local --- [nio-8080-exec-7] e.n.c.m.s.LocalSQLConnectService         : Parameter index out of range (1 > number of parameters, which is 0).
2018-03-29 01:13:07.837 ERROR Rus-MacBook-Pro-2.local --- [nio-8080-exec-7] e.n.c.m.s.LocalSQLConnectService         : Parameter index out of range (2 > number of parameters, which is 1).
2018-03-29 01:13:07.848 ERROR Rus-MacBook-Pro-2.local --- [nio-8080-exec-7] e.n.c.m.s.LocalSQLConnectService         : Parameter index out of range (1 > number of parameters, which is 0).
2018-03-29 01:13:07.848 ERROR Rus-MacBook-Pro-2.local --- [nio-8080-exec-7] e.n.c.m.s.LocalSQLConnectService         : Parameter index out of range (2 > number of parameters, which is 1).
2018-03-29 01:13:07.863 ERROR Rus-MacBook-Pro-2.local --- [nio-8080-exec-7] e.n.c.m.s.LocalSQLConnectService         : Parameter index out of range (1 > number of parameters, which is 0).
2018-03-29 01:13:07.864 ERROR Rus-MacBook-Pro-2.local --- [nio-8080-exec-7] e.n.c.m.s.LocalSQLConnectService         : Parameter index out of range (2 > number of parameters, which is 1).
2018-03-29 01:13:07.876 ERROR Rus-MacBook-Pro-2.local --- [nio-8080-exec-7] e.n.c.m.s.LocalSQLConnectService         : Parameter index out of range (1 > number of parameters, which is 0).
2018-03-29 01:13:07.876 ERROR Rus-MacBook-Pro-2.local --- [nio-8080-exec-7] e.n.c.m.s.LocalSQLConnectService         : Parameter index out of range (2 > number of parameters, which is 1).
2018-03-29 01:13:07.887 ERROR Rus-MacBook-Pro-2.local --- [nio-8080-exec-7] e.n.c.m.s.LocalSQLConnectService         : Parameter index out of range (1 > number of parameters, which is 0).
2018-03-29 01:13:07.887 ERROR Rus-MacBook-Pro-2.local --- [nio-8080-exec-7] e.n.c.m.s.LocalSQLConnectService         : Parameter index out of range (2 > number of parameters, which is 1).
2018-03-29 01:13:12.349 ERROR Rus-MacBook-Pro-2.local --- [nio-8080-exec-5] e.n.c.m.s.LocalSQLConnectService         : Parameter index out of range (1 > number of parameters, which is 0).
2018-03-29 01:13:12.350 ERROR Rus-MacBook-Pro-2.local --- [nio-8080-exec-5] e.n.c.m.s.LocalSQLConnectService         : Parameter index out of range (2 > number of parameters, which is 1).
2018-03-29 01:13:25.329 ERROR Rus-MacBook-Pro-2.local --- [nio-8080-exec-4] e.n.c.m.s.LocalSQLConnectService         : Parameter index out of range (1 > number of parameters, which is 0).
2018-03-29 01:13:25.332 ERROR Rus-MacBook-Pro-2.local --- [nio-8080-exec-4] e.n.c.m.s.LocalSQLConnectService         : Parameter index out of range (2 > number of parameters, which is 1).
2018-03-29 01:13:25.344 ERROR Rus-MacBook-Pro-2.local --- [nio-8080-exec-4] e.n.c.m.s.LocalSQLConnectService         : Parameter index out of range (1 > number of parameters, which is 0).
2018-03-29 01:13:25.344 ERROR Rus-MacBook-Pro-2.local --- [nio-8080-exec-4] e.n.c.m.s.LocalSQLConnectService         : Parameter index out of range (2 > number of parameters, which is 1).
2018-03-29 01:13:25.356 ERROR Rus-MacBook-Pro-2.local --- [nio-8080-exec-4] e.n.c.m.s.LocalSQLConnectService         : Parameter index out of range (1 > number of parameters, which is 0).
2018-03-29 01:13:25.356 ERROR Rus-MacBook-Pro-2.local --- [nio-8080-exec-4] e.n.c.m.s.LocalSQLConnectService         : Parameter index out of range (2 > number of parameters, which is 1).
2018-03-29 01:13:25.368 ERROR Rus-MacBook-Pro-2.local --- [nio-8080-exec-4] e.n.c.m.s.LocalSQLConnectService         : Parameter index out of range (1 > number of parameters, which is 0).
2018-03-29 01:13:25.368 ERROR Rus-MacBook-Pro-2.local --- [nio-8080-exec-4] e.n.c.m.s.LocalSQLConnectService         : Parameter index out of range (2 > number of parameters, which is 1).
2018-03-29 01:13:25.380 ERROR Rus-MacBook-Pro-2.local --- [nio-8080-exec-4] e.n.c.m.s.LocalSQLConnectService         : Parameter index out of range (1 > number of parameters, which is 0).
2018-03-29 01:13:25.381 ERROR Rus-MacBook-Pro-2.local --- [nio-8080-exec-4] e.n.c.m.s.LocalSQLConnectService         : Parameter index out of range (2 > number of parameters, which is 1).
2018-03-29 01:13:25.396 ERROR Rus-MacBook-Pro-2.local --- [nio-8080-exec-4] e.n.c.m.s.LocalSQLConnectService         : Parameter index out of range (1 > number of parameters, which is 0).
2018-03-29 01:13:25.396 ERROR Rus-MacBook-Pro-2.local --- [nio-8080-exec-4] e.n.c.m.s.LocalSQLConnectService         : Parameter index out of range (2 > number of parameters, which is 1).
2018-03-29 01:13:25.405 ERROR Rus-MacBook-Pro-2.local --- [nio-8080-exec-4] e.n.c.m.s.LocalSQLConnectService         : Parameter index out of range (1 > number of parameters, which is 0).
2018-03-29 01:13:25.406 ERROR Rus-MacBook-Pro-2.local --- [nio-8080-exec-4] e.n.c.m.s.LocalSQLConnectService         : Parameter index out of range (2 > number of parameters, which is 1).
2018-03-29 01:13:25.415 ERROR Rus-MacBook-Pro-2.local --- [nio-8080-exec-4] e.n.c.m.s.LocalSQLConnectService         : Parameter index out of range (1 > number of parameters, which is 0).
2018-03-29 01:13:25.415 ERROR Rus-MacBook-Pro-2.local --- [nio-8080-exec-4] e.n.c.m.s.LocalSQLConnectService         : Parameter index out of range (2 > number of parameters, which is 1).
2018-03-29 01:13:25.425 ERROR Rus-MacBook-Pro-2.local --- [nio-8080-exec-4] e.n.c.m.s.LocalSQLConnectService         : Parameter index out of range (1 > number of parameters, which is 0).
2018-03-29 01:13:25.426 ERROR Rus-MacBook-Pro-2.local --- [nio-8080-exec-4] e.n.c.m.s.LocalSQLConnectService         : Parameter index out of range (2 > number of parameters, which is 1).
2018-03-29 01:13:25.441 ERROR Rus-MacBook-Pro-2.local --- [nio-8080-exec-4] e.n.c.m.s.LocalSQLConnectService         : Parameter index out of range (1 > number of parameters, which is 0).
2018-03-29 01:13:25.441 ERROR Rus-MacBook-Pro-2.local --- [nio-8080-exec-4] e.n.c.m.s.LocalSQLConnectService         : Parameter index out of range (2 > number of parameters, which is 1).
2018-03-29 01:13:28.759 ERROR Rus-MacBook-Pro-2.local --- [nio-8080-exec-6] e.n.c.m.s.LocalSQLConnectService         : Parameter index out of range (1 > number of parameters, which is 0).
2018-03-29 01:13:28.759 ERROR Rus-MacBook-Pro-2.local --- [nio-8080-exec-6] e.n.c.m.s.LocalSQLConnectService         : Parameter index out of range (2 > number of parameters, which is 1).
2018-03-29 01:21:19.794 ERROR Rus-MacBook-Pro-2.local --- [nio-8080-exec-1] e.n.c.m.s.LocalSQLConnectService         : Parameter index out of range (1 > number of parameters, which is 0).
2018-03-29 01:21:19.800 ERROR Rus-MacBook-Pro-2.local --- [nio-8080-exec-1] e.n.c.m.s.LocalSQLConnectService         : Parameter index out of range (2 > number of parameters, which is 1).
2018-03-29 01:21:19.809 ERROR Rus-MacBook-Pro-2.local --- [nio-8080-exec-1] e.n.c.m.s.LocalSQLConnectService         : Parameter index out of range (1 > number of parameters, which is 0).
2018-03-29 01:21:19.809 ERROR Rus-MacBook-Pro-2.local --- [nio-8080-exec-1] e.n.c.m.s.LocalSQLConnectService         : Parameter index out of range (2 > number of parameters, which is 1).
2018-03-29 01:21:19.818 ERROR Rus-MacBook-Pro-2.local --- [nio-8080-exec-1] e.n.c.m.s.LocalSQLConnectService         : Parameter index out of range (1 > number of parameters, which is 0).
2018-03-29 01:21:19.819 ERROR Rus-MacBook-Pro-2.local --- [nio-8080-exec-1] e.n.c.m.s.LocalSQLConnectService         : Parameter index out of range (2 > number of parameters, which is 1).
2018-03-29 01:21:19.829 ERROR Rus-MacBook-Pro-2.local --- [nio-8080-exec-1] e.n.c.m.s.LocalSQLConnectService         : Parameter index out of range (1 > number of parameters, which is 0).
2018-03-29 01:21:19.830 ERROR Rus-MacBook-Pro-2.local --- [nio-8080-exec-1] e.n.c.m.s.LocalSQLConnectService         : Parameter index out of range (2 > number of parameters, which is 1).
2018-03-29 01:21:19.840 ERROR Rus-MacBook-Pro-2.local --- [nio-8080-exec-1] e.n.c.m.s.LocalSQLConnectService         : Parameter index out of range (1 > number of parameters, which is 0).
2018-03-29 01:21:19.840 ERROR Rus-MacBook-Pro-2.local --- [nio-8080-exec-1] e.n.c.m.s.LocalSQLConnectService         : Parameter index out of range (2 > number of parameters, which is 1).
2018-03-29 01:28:29.411 ERROR Rus-MacBook-Pro-2.local --- [  restartedMain] e.n.c.m.s.LocalSQLConnectService         : Too many connections
2018-03-29 02:11:51.848 ERROR Rus-MacBook-Pro-2.local --- [  restartedMain] e.n.c.m.s.LocalSQLConnectService         : Too many connections
2018-03-29 02:12:19.387 ERROR Rus-MacBook-Pro-2.local --- [  restartedMain] e.n.c.m.s.LocalSQLConnectService         : Too many connections
2018-03-29 02:12:19.467 ERROR Rus-MacBook-Pro-2.local --- [  restartedMain] e.n.c.m.s.LocalSQLConnectService         : Too many connections
2018-03-29 02:19:14.485 ERROR Rus-MacBook-Pro-2.local --- [  restartedMain] e.n.c.m.s.LocalSQLConnectService         : Too many connections
2018-03-29 02:19:52.177 ERROR Rus-MacBook-Pro-2.local --- [  restartedMain] e.n.c.m.s.LocalSQLConnectService         : Too many connections
2018-03-29 02:19:52.254 ERROR Rus-MacBook-Pro-2.local --- [  restartedMain] e.n.c.m.s.LocalSQLConnectService         : Too many connections
2018-03-29 02:20:00.776 ERROR Rus-MacBook-Pro-2.local --- [  restartedMain] e.n.c.m.s.LocalSQLConnectService         : Too many connections
2018-03-29 02:20:00.851 ERROR Rus-MacBook-Pro-2.local --- [  restartedMain] e.n.c.m.s.LocalSQLConnectService         : Too many connections
2018-03-29 02:20:40.685 ERROR Rus-MacBook-Pro-2.local --- [  restartedMain] e.n.c.m.s.LocalSQLConnectService         : Too many connections
2018-03-29 02:20:40.763 ERROR Rus-MacBook-Pro-2.local --- [  restartedMain] e.n.c.m.s.LocalSQLConnectService         : Too many connections
2018-03-29 02:21:14.363 ERROR Rus-MacBook-Pro-2.local --- [  restartedMain] e.n.c.m.s.LocalSQLConnectService         : Too many connections
2018-03-29 02:21:14.439 ERROR Rus-MacBook-Pro-2.local --- [  restartedMain] e.n.c.m.s.LocalSQLConnectService         : Too many connections
2018-03-29 02:23:04.204 ERROR Rus-MacBook-Pro-2.local --- [  restartedMain] e.n.c.m.s.LocalSQLConnectService         : Too many connections
2018-03-29 02:23:04.279 ERROR Rus-MacBook-Pro-2.local --- [  restartedMain] e.n.c.m.s.LocalSQLConnectService         : Too many connections
2018-03-29 02:23:08.659 ERROR Rus-MacBook-Pro-2.local --- [  restartedMain] e.n.c.m.s.LocalSQLConnectService         : Too many connections
2018-03-29 02:23:08.735 ERROR Rus-MacBook-Pro-2.local --- [  restartedMain] e.n.c.m.s.LocalSQLConnectService         : Too many connections
2018-03-29 02:24:00.366 ERROR Rus-MacBook-Pro-2.local --- [  restartedMain] e.n.c.m.s.LocalSQLConnectService         : Too many connections
2018-03-29 02:24:00.442 ERROR Rus-MacBook-Pro-2.local --- [  restartedMain] e.n.c.m.s.LocalSQLConnectService         : Too many connections
2018-03-29 02:24:11.906 ERROR Rus-MacBook-Pro-2.local --- [  restartedMain] e.n.c.m.s.LocalSQLConnectService         : Too many connections
2018-03-29 02:24:11.982 ERROR Rus-MacBook-Pro-2.local --- [  restartedMain] e.n.c.m.s.LocalSQLConnectService         : Too many connections
2018-03-29 02:24:23.383 ERROR Rus-MacBook-Pro-2.local --- [  restartedMain] e.n.c.m.s.LocalSQLConnectService         : Too many connections
2018-03-29 02:24:23.460 ERROR Rus-MacBook-Pro-2.local --- [  restartedMain] e.n.c.m.s.LocalSQLConnectService         : Too many connections
2018-03-29 02:24:46.077 ERROR Rus-MacBook-Pro-2.local --- [  restartedMain] e.n.c.m.s.LocalSQLConnectService         : Too many connections
2018-03-29 02:24:46.155 ERROR Rus-MacBook-Pro-2.local --- [  restartedMain] e.n.c.m.s.LocalSQLConnectService         : Too many connections
2018-03-29 02:25:40.015 ERROR Rus-MacBook-Pro-2.local --- [  restartedMain] e.n.c.m.s.LocalSQLConnectService         : Too many connections
2018-03-29 02:25:40.091 ERROR Rus-MacBook-Pro-2.local --- [  restartedMain] e.n.c.m.s.LocalSQLConnectService         : Too many connections
2018-03-29 02:28:00.014 ERROR Rus-MacBook-Pro-2.local --- [nio-8080-exec-8] e.n.c.m.s.LocalSQLConnectService         : Parameter index out of range (1 > number of parameters, which is 0).
2018-03-29 02:28:00.019 ERROR Rus-MacBook-Pro-2.local --- [nio-8080-exec-8] e.n.c.m.s.LocalSQLConnectService         : Parameter index out of range (2 > number of parameters, which is 1).
2018-03-29 02:28:00.029 ERROR Rus-MacBook-Pro-2.local --- [nio-8080-exec-8] e.n.c.m.s.LocalSQLConnectService         : Parameter index out of range (1 > number of parameters, which is 0).
2018-03-29 02:28:00.029 ERROR Rus-MacBook-Pro-2.local --- [nio-8080-exec-8] e.n.c.m.s.LocalSQLConnectService         : Parameter index out of range (2 > number of parameters, which is 1).
2018-03-29 02:28:00.041 ERROR Rus-MacBook-Pro-2.local --- [nio-8080-exec-8] e.n.c.m.s.LocalSQLConnectService         : Parameter index out of range (1 > number of parameters, which is 0).
2018-03-29 02:28:00.041 ERROR Rus-MacBook-Pro-2.local --- [nio-8080-exec-8] e.n.c.m.s.LocalSQLConnectService         : Parameter index out of range (2 > number of parameters, which is 1).
2018-03-29 02:28:00.050 ERROR Rus-MacBook-Pro-2.local --- [nio-8080-exec-8] e.n.c.m.s.LocalSQLConnectService         : Parameter index out of range (1 > number of parameters, which is 0).
2018-03-29 02:28:00.050 ERROR Rus-MacBook-Pro-2.local --- [nio-8080-exec-8] e.n.c.m.s.LocalSQLConnectService         : Parameter index out of range (2 > number of parameters, which is 1).
2018-03-29 02:28:00.060 ERROR Rus-MacBook-Pro-2.local --- [nio-8080-exec-8] e.n.c.m.s.LocalSQLConnectService         : Parameter index out of range (1 > number of parameters, which is 0).
2018-03-29 02:28:00.060 ERROR Rus-MacBook-Pro-2.local --- [nio-8080-exec-8] e.n.c.m.s.LocalSQLConnectService         : Parameter index out of range (2 > number of parameters, which is 1).
2018-03-29 02:28:01.437 ERROR Rus-MacBook-Pro-2.local --- [nio-8080-exec-4] e.n.c.m.s.LocalSQLConnectService         : Parameter index out of range (1 > number of parameters, which is 0).
2018-03-29 02:28:01.437 ERROR Rus-MacBook-Pro-2.local --- [nio-8080-exec-4] e.n.c.m.s.LocalSQLConnectService         : Parameter index out of range (2 > number of parameters, which is 1).
2018-03-29 02:28:09.924 ERROR Rus-MacBook-Pro-2.local --- [io-8080-exec-10] e.n.c.m.s.LocalSQLConnectService         : Parameter index out of range (1 > number of parameters, which is 0).
2018-03-29 02:28:09.925 ERROR Rus-MacBook-Pro-2.local --- [io-8080-exec-10] e.n.c.m.s.LocalSQLConnectService         : Parameter index out of range (2 > number of parameters, which is 1).
2018-03-29 02:28:09.936 ERROR Rus-MacBook-Pro-2.local --- [io-8080-exec-10] e.n.c.m.s.LocalSQLConnectService         : Parameter index out of range (1 > number of parameters, which is 0).
2018-03-29 02:28:09.937 ERROR Rus-MacBook-Pro-2.local --- [io-8080-exec-10] e.n.c.m.s.LocalSQLConnectService         : Parameter index out of range (2 > number of parameters, which is 1).
2018-03-29 02:28:09.950 ERROR Rus-MacBook-Pro-2.local --- [io-8080-exec-10] e.n.c.m.s.LocalSQLConnectService         : Parameter index out of range (1 > number of parameters, which is 0).
2018-03-29 02:28:09.950 ERROR Rus-MacBook-Pro-2.local --- [io-8080-exec-10] e.n.c.m.s.LocalSQLConnectService         : Parameter index out of range (2 > number of parameters, which is 1).
2018-03-29 02:28:09.960 ERROR Rus-MacBook-Pro-2.local --- [io-8080-exec-10] e.n.c.m.s.LocalSQLConnectService         : Parameter index out of range (1 > number of parameters, which is 0).
2018-03-29 02:28:09.960 ERROR Rus-MacBook-Pro-2.local --- [io-8080-exec-10] e.n.c.m.s.LocalSQLConnectService         : Parameter index out of range (2 > number of parameters, which is 1).
2018-03-29 02:28:09.970 ERROR Rus-MacBook-Pro-2.local --- [io-8080-exec-10] e.n.c.m.s.LocalSQLConnectService         : Parameter index out of range (1 > number of parameters, which is 0).
2018-03-29 02:28:09.970 ERROR Rus-MacBook-Pro-2.local --- [io-8080-exec-10] e.n.c.m.s.LocalSQLConnectService         : Parameter index out of range (2 > number of parameters, which is 1).
2018-03-29 02:28:09.982 ERROR Rus-MacBook-Pro-2.local --- [io-8080-exec-10] e.n.c.m.s.LocalSQLConnectService         : Parameter index out of range (1 > number of parameters, which is 0).
2018-03-29 02:28:09.983 ERROR Rus-MacBook-Pro-2.local --- [io-8080-exec-10] e.n.c.m.s.LocalSQLConnectService         : Parameter index out of range (2 > number of parameters, which is 1).
2018-03-29 02:28:09.993 ERROR Rus-MacBook-Pro-2.local --- [io-8080-exec-10] e.n.c.m.s.LocalSQLConnectService         : Parameter index out of range (1 > number of parameters, which is 0).
2018-03-29 02:28:09.994 ERROR Rus-MacBook-Pro-2.local --- [io-8080-exec-10] e.n.c.m.s.LocalSQLConnectService         : Parameter index out of range (2 > number of parameters, which is 1).
2018-03-29 02:28:10.003 ERROR Rus-MacBook-Pro-2.local --- [io-8080-exec-10] e.n.c.m.s.LocalSQLConnectService         : Parameter index out of range (1 > number of parameters, which is 0).
2018-03-29 02:28:10.004 ERROR Rus-MacBook-Pro-2.local --- [io-8080-exec-10] e.n.c.m.s.LocalSQLConnectService         : Parameter index out of range (2 > number of parameters, which is 1).
2018-03-29 02:28:10.014 ERROR Rus-MacBook-Pro-2.local --- [io-8080-exec-10] e.n.c.m.s.LocalSQLConnectService         : Parameter index out of range (1 > number of parameters, which is 0).
2018-03-29 02:28:10.015 ERROR Rus-MacBook-Pro-2.local --- [io-8080-exec-10] e.n.c.m.s.LocalSQLConnectService         : Parameter index out of range (2 > number of parameters, which is 1).
2018-03-29 02:28:10.024 ERROR Rus-MacBook-Pro-2.local --- [io-8080-exec-10] e.n.c.m.s.LocalSQLConnectService         : Parameter index out of range (1 > number of parameters, which is 0).
2018-03-29 02:28:10.024 ERROR Rus-MacBook-Pro-2.local --- [io-8080-exec-10] e.n.c.m.s.LocalSQLConnectService         : Parameter index out of range (2 > number of parameters, which is 1).
2018-03-29 02:28:14.736 ERROR Rus-MacBook-Pro-2.local --- [nio-8080-exec-7] e.n.c.m.s.LocalSQLConnectService         : Parameter index out of range (1 > number of parameters, which is 0).
2018-03-29 02:28:14.736 ERROR Rus-MacBook-Pro-2.local --- [nio-8080-exec-7] e.n.c.m.s.LocalSQLConnectService         : Parameter index out of range (2 > number of parameters, which is 1).
2018-03-29 02:28:14.745 ERROR Rus-MacBook-Pro-2.local --- [nio-8080-exec-7] e.n.c.m.s.LocalSQLConnectService         : Parameter index out of range (1 > number of parameters, which is 0).
2018-03-29 02:28:14.746 ERROR Rus-MacBook-Pro-2.local --- [nio-8080-exec-7] e.n.c.m.s.LocalSQLConnectService         : Parameter index out of range (2 > number of parameters, which is 1).
2018-03-29 02:28:14.757 ERROR Rus-MacBook-Pro-2.local --- [nio-8080-exec-7] e.n.c.m.s.LocalSQLConnectService         : Parameter index out of range (1 > number of parameters, which is 0).
2018-03-29 02:28:14.757 ERROR Rus-MacBook-Pro-2.local --- [nio-8080-exec-7] e.n.c.m.s.LocalSQLConnectService         : Parameter index out of range (2 > number of parameters, which is 1).
2018-03-29 02:28:14.765 ERROR Rus-MacBook-Pro-2.local --- [nio-8080-exec-7] e.n.c.m.s.LocalSQLConnectService         : Parameter index out of range (1 > number of parameters, which is 0).
2018-03-29 02:28:14.766 ERROR Rus-MacBook-Pro-2.local --- [nio-8080-exec-7] e.n.c.m.s.LocalSQLConnectService         : Parameter index out of range (2 > number of parameters, which is 1).
2018-03-29 02:28:14.777 ERROR Rus-MacBook-Pro-2.local --- [nio-8080-exec-7] e.n.c.m.s.LocalSQLConnectService         : Parameter index out of range (1 > number of parameters, which is 0).
2018-03-29 02:28:14.777 ERROR Rus-MacBook-Pro-2.local --- [nio-8080-exec-7] e.n.c.m.s.LocalSQLConnectService         : Parameter index out of range (2 > number of parameters, which is 1).
2018-03-29 02:28:14.789 ERROR Rus-MacBook-Pro-2.local --- [nio-8080-exec-7] e.n.c.m.s.LocalSQLConnectService         : Parameter index out of range (1 > number of parameters, which is 0).
2018-03-29 02:28:14.790 ERROR Rus-MacBook-Pro-2.local --- [nio-8080-exec-7] e.n.c.m.s.LocalSQLConnectService         : Parameter index out of range (2 > number of parameters, which is 1).
2018-03-29 02:28:14.810 ERROR Rus-MacBook-Pro-2.local --- [nio-8080-exec-7] e.n.c.m.s.LocalSQLConnectService         : Parameter index out of range (1 > number of parameters, which is 0).
2018-03-29 02:28:14.810 ERROR Rus-MacBook-Pro-2.local --- [nio-8080-exec-7] e.n.c.m.s.LocalSQLConnectService         : Parameter index out of range (2 > number of parameters, which is 1).
2018-03-29 02:28:14.820 ERROR Rus-MacBook-Pro-2.local --- [nio-8080-exec-7] e.n.c.m.s.LocalSQLConnectService         : Parameter index out of range (1 > number of parameters, which is 0).
2018-03-29 02:28:14.820 ERROR Rus-MacBook-Pro-2.local --- [nio-8080-exec-7] e.n.c.m.s.LocalSQLConnectService         : Parameter index out of range (2 > number of parameters, which is 1).
2018-03-29 02:28:14.830 ERROR Rus-MacBook-Pro-2.local --- [nio-8080-exec-7] e.n.c.m.s.LocalSQLConnectService         : Parameter index out of range (1 > number of parameters, which is 0).
2018-03-29 02:28:14.830 ERROR Rus-MacBook-Pro-2.local --- [nio-8080-exec-7] e.n.c.m.s.LocalSQLConnectService         : Parameter index out of range (2 > number of parameters, which is 1).
2018-03-29 02:28:14.839 ERROR Rus-MacBook-Pro-2.local --- [nio-8080-exec-7] e.n.c.m.s.LocalSQLConnectService         : Parameter index out of range (1 > number of parameters, which is 0).
2018-03-29 02:28:14.839 ERROR Rus-MacBook-Pro-2.local --- [nio-8080-exec-7] e.n.c.m.s.LocalSQLConnectService         : Parameter index out of range (2 > number of parameters, which is 1).
2018-03-29 02:28:14.849 ERROR Rus-MacBook-Pro-2.local --- [nio-8080-exec-7] e.n.c.m.s.LocalSQLConnectService         : Parameter index out of range (1 > number of parameters, which is 0).
2018-03-29 02:28:14.850 ERROR Rus-MacBook-Pro-2.local --- [nio-8080-exec-7] e.n.c.m.s.LocalSQLConnectService         : Parameter index out of range (2 > number of parameters, which is 1).
2018-03-29 02:28:14.860 ERROR Rus-MacBook-Pro-2.local --- [nio-8080-exec-7] e.n.c.m.s.LocalSQLConnectService         : Parameter index out of range (1 > number of parameters, which is 0).
2018-03-29 02:28:14.860 ERROR Rus-MacBook-Pro-2.local --- [nio-8080-exec-7] e.n.c.m.s.LocalSQLConnectService         : Parameter index out of range (2 > number of parameters, which is 1).
2018-03-29 02:28:14.869 ERROR Rus-MacBook-Pro-2.local --- [nio-8080-exec-7] e.n.c.m.s.LocalSQLConnectService         : Parameter index out of range (1 > number of parameters, which is 0).
2018-03-29 02:28:14.869 ERROR Rus-MacBook-Pro-2.local --- [nio-8080-exec-7] e.n.c.m.s.LocalSQLConnectService         : Parameter index out of range (2 > number of parameters, which is 1).
2018-03-29 02:28:14.879 ERROR Rus-MacBook-Pro-2.local --- [nio-8080-exec-7] e.n.c.m.s.LocalSQLConnectService         : Parameter index out of range (1 > number of parameters, which is 0).
2018-03-29 02:28:14.879 ERROR Rus-MacBook-Pro-2.local --- [nio-8080-exec-7] e.n.c.m.s.LocalSQLConnectService         : Parameter index out of range (2 > number of parameters, which is 1).
2018-03-29 02:28:14.888 ERROR Rus-MacBook-Pro-2.local --- [nio-8080-exec-7] e.n.c.m.s.LocalSQLConnectService         : Parameter index out of range (1 > number of parameters, which is 0).
2018-03-29 02:28:14.888 ERROR Rus-MacBook-Pro-2.local --- [nio-8080-exec-7] e.n.c.m.s.LocalSQLConnectService         : Parameter index out of range (2 > number of parameters, which is 1).
2018-03-29 02:28:33.522 ERROR Rus-MacBook-Pro-2.local --- [nio-8080-exec-9] e.n.c.m.s.LocalSQLConnectService         : Parameter index out of range (1 > number of parameters, which is 0).
2018-03-29 02:28:33.522 ERROR Rus-MacBook-Pro-2.local --- [nio-8080-exec-9] e.n.c.m.s.LocalSQLConnectService         : Parameter index out of range (2 > number of parameters, which is 1).
2018-03-29 02:28:33.533 ERROR Rus-MacBook-Pro-2.local --- [nio-8080-exec-9] e.n.c.m.s.LocalSQLConnectService         : Parameter index out of range (1 > number of parameters, which is 0).
2018-03-29 02:28:33.534 ERROR Rus-MacBook-Pro-2.local --- [nio-8080-exec-9] e.n.c.m.s.LocalSQLConnectService         : Parameter index out of range (2 > number of parameters, which is 1).
2018-03-29 02:28:33.548 ERROR Rus-MacBook-Pro-2.local --- [nio-8080-exec-9] e.n.c.m.s.LocalSQLConnectService         : Parameter index out of range (1 > number of parameters, which is 0).
2018-03-29 02:28:33.548 ERROR Rus-MacBook-Pro-2.local --- [nio-8080-exec-9] e.n.c.m.s.LocalSQLConnectService         : Parameter index out of range (2 > number of parameters, which is 1).
2018-03-29 02:28:33.559 ERROR Rus-MacBook-Pro-2.local --- [nio-8080-exec-9] e.n.c.m.s.LocalSQLConnectService         : Parameter index out of range (1 > number of parameters, which is 0).
2018-03-29 02:28:33.559 ERROR Rus-MacBook-Pro-2.local --- [nio-8080-exec-9] e.n.c.m.s.LocalSQLConnectService         : Parameter index out of range (2 > number of parameters, which is 1).
2018-03-29 02:28:33.569 ERROR Rus-MacBook-Pro-2.local --- [nio-8080-exec-9] e.n.c.m.s.LocalSQLConnectService         : Parameter index out of range (1 > number of parameters, which is 0).
2018-03-29 02:28:33.569 ERROR Rus-MacBook-Pro-2.local --- [nio-8080-exec-9] e.n.c.m.s.LocalSQLConnectService         : Parameter index out of range (2 > number of parameters, which is 1).
2018-03-29 02:28:33.582 ERROR Rus-MacBook-Pro-2.local --- [nio-8080-exec-9] e.n.c.m.s.LocalSQLConnectService         : Parameter index out of range (1 > number of parameters, which is 0).
2018-03-29 02:28:33.582 ERROR Rus-MacBook-Pro-2.local --- [nio-8080-exec-9] e.n.c.m.s.LocalSQLConnectService         : Parameter index out of range (2 > number of parameters, which is 1).
2018-03-29 02:28:33.592 ERROR Rus-MacBook-Pro-2.local --- [nio-8080-exec-9] e.n.c.m.s.LocalSQLConnectService         : Parameter index out of range (1 > number of parameters, which is 0).
2018-03-29 02:28:33.592 ERROR Rus-MacBook-Pro-2.local --- [nio-8080-exec-9] e.n.c.m.s.LocalSQLConnectService         : Parameter index out of range (2 > number of parameters, which is 1).
2018-03-29 02:28:33.602 ERROR Rus-MacBook-Pro-2.local --- [nio-8080-exec-9] e.n.c.m.s.LocalSQLConnectService         : Parameter index out of range (1 > number of parameters, which is 0).
2018-03-29 02:28:33.602 ERROR Rus-MacBook-Pro-2.local --- [nio-8080-exec-9] e.n.c.m.s.LocalSQLConnectService         : Parameter index out of range (2 > number of parameters, which is 1).
2018-03-29 02:28:33.612 ERROR Rus-MacBook-Pro-2.local --- [nio-8080-exec-9] e.n.c.m.s.LocalSQLConnectService         : Parameter index out of range (1 > number of parameters, which is 0).
2018-03-29 02:28:33.612 ERROR Rus-MacBook-Pro-2.local --- [nio-8080-exec-9] e.n.c.m.s.LocalSQLConnectService         : Parameter index out of range (2 > number of parameters, which is 1).
2018-03-29 02:28:33.621 ERROR Rus-MacBook-Pro-2.local --- [nio-8080-exec-9] e.n.c.m.s.LocalSQLConnectService         : Parameter index out of range (1 > number of parameters, which is 0).
2018-03-29 02:28:33.622 ERROR Rus-MacBook-Pro-2.local --- [nio-8080-exec-9] e.n.c.m.s.LocalSQLConnectService         : Parameter index out of range (2 > number of parameters, which is 1).
2018-03-29 02:28:33.633 ERROR Rus-MacBook-Pro-2.local --- [nio-8080-exec-9] e.n.c.m.s.LocalSQLConnectService         : Parameter index out of range (1 > number of parameters, which is 0).
2018-03-29 02:28:33.634 ERROR Rus-MacBook-Pro-2.local --- [nio-8080-exec-9] e.n.c.m.s.LocalSQLConnectService         : Parameter index out of range (2 > number of parameters, which is 1).
2018-03-29 02:28:33.645 ERROR Rus-MacBook-Pro-2.local --- [nio-8080-exec-9] e.n.c.m.s.LocalSQLConnectService         : Parameter index out of range (1 > number of parameters, which is 0).
2018-03-29 02:28:33.645 ERROR Rus-MacBook-Pro-2.local --- [nio-8080-exec-9] e.n.c.m.s.LocalSQLConnectService         : Parameter index out of range (2 > number of parameters, which is 1).
2018-03-29 02:28:33.656 ERROR Rus-MacBook-Pro-2.local --- [nio-8080-exec-9] e.n.c.m.s.LocalSQLConnectService         : Parameter index out of range (1 > number of parameters, which is 0).
2018-03-29 02:28:33.657 ERROR Rus-MacBook-Pro-2.local --- [nio-8080-exec-9] e.n.c.m.s.LocalSQLConnectService         : Parameter index out of range (2 > number of parameters, which is 1).
2018-03-29 02:28:33.666 ERROR Rus-MacBook-Pro-2.local --- [nio-8080-exec-9] e.n.c.m.s.LocalSQLConnectService         : Parameter index out of range (1 > number of parameters, which is 0).
2018-03-29 02:28:33.666 ERROR Rus-MacBook-Pro-2.local --- [nio-8080-exec-9] e.n.c.m.s.LocalSQLConnectService         : Parameter index out of range (2 > number of parameters, which is 1).
2018-03-29 02:28:33.678 ERROR Rus-MacBook-Pro-2.local --- [nio-8080-exec-9] e.n.c.m.s.LocalSQLConnectService         : Parameter index out of range (1 > number of parameters, which is 0).
2018-03-29 02:28:33.678 ERROR Rus-MacBook-Pro-2.local --- [nio-8080-exec-9] e.n.c.m.s.LocalSQLConnectService         : Parameter index out of range (2 > number of parameters, which is 1).
2018-03-29 02:28:33.688 ERROR Rus-MacBook-Pro-2.local --- [nio-8080-exec-9] e.n.c.m.s.LocalSQLConnectService         : Parameter index out of range (1 > number of parameters, which is 0).
2018-03-29 02:28:33.688 ERROR Rus-MacBook-Pro-2.local --- [nio-8080-exec-9] e.n.c.m.s.LocalSQLConnectService         : Parameter index out of range (2 > number of parameters, which is 1).
2018-03-29 02:28:33.702 ERROR Rus-MacBook-Pro-2.local --- [nio-8080-exec-9] e.n.c.m.s.LocalSQLConnectService         : Parameter index out of range (1 > number of parameters, which is 0).
2018-03-29 02:28:33.702 ERROR Rus-MacBook-Pro-2.local --- [nio-8080-exec-9] e.n.c.m.s.LocalSQLConnectService         : Parameter index out of range (2 > number of parameters, which is 1).
2018-03-29 02:28:33.714 ERROR Rus-MacBook-Pro-2.local --- [nio-8080-exec-9] e.n.c.m.s.LocalSQLConnectService         : Parameter index out of range (1 > number of parameters, which is 0).
2018-03-29 02:28:33.714 ERROR Rus-MacBook-Pro-2.local --- [nio-8080-exec-9] e.n.c.m.s.LocalSQLConnectService         : Parameter index out of range (2 > number of parameters, which is 1).
2018-03-29 02:28:33.725 ERROR Rus-MacBook-Pro-2.local --- [nio-8080-exec-9] e.n.c.m.s.LocalSQLConnectService         : Parameter index out of range (1 > number of parameters, which is 0).
2018-03-29 02:28:33.726 ERROR Rus-MacBook-Pro-2.local --- [nio-8080-exec-9] e.n.c.m.s.LocalSQLConnectService         : Parameter index out of range (2 > number of parameters, which is 1).
2018-03-29 02:28:33.737 ERROR Rus-MacBook-Pro-2.local --- [nio-8080-exec-9] e.n.c.m.s.LocalSQLConnectService         : Parameter index out of range (1 > number of parameters, which is 0).
2018-03-29 02:28:33.737 ERROR Rus-MacBook-Pro-2.local --- [nio-8080-exec-9] e.n.c.m.s.LocalSQLConnectService         : Parameter index out of range (2 > number of parameters, which is 1).
